-------------------------------------------------------------------------------
Test set: com.app.StreamlineMusic.StreamlineMusicApplicationTests
-------------------------------------------------------------------------------
Tests run: 1, Failures: 0, Errors: 1, Skipped: 0, Time elapsed: 3.627 s <<< FAILURE! - in com.app.StreamlineMusic.StreamlineMusicApplicationTests
contextLoads  Time elapsed: 0.004 s  <<< ERROR!
java.lang.IllegalStateException: Failed to load ApplicationContext
Caused by: org.springframework.beans.factory.UnsatisfiedDependencyException: Error creating bean with name 'securityConfig' defined in file [W:\Projekty_JAVA\StreamlineMusic\target\classes\com\app\StreamlineMusic\config\SecurityConfig.class]: Unsatisfied dependency expressed through constructor parameter 0; nested exception is org.springframework.beans.factory.UnsatisfiedDependencyException: Error creating bean with name 'customUserDetailsService' defined in file [W:\Projekty_JAVA\StreamlineMusic\target\classes\com\app\StreamlineMusic\security\CustomUserDetailsService.class]: Unsatisfied dependency expressed through constructor parameter 0; nested exception is org.springframework.beans.factory.BeanCreationException: Error creating bean with name 'userRepository' defined in com.app.StreamlineMusic.repository.UserRepository defined in @EnableJpaRepositories declared on JpaRepositoriesRegistrar.EnableJpaRepositoriesConfiguration: Invocation of init method failed; nested exception is org.springframework.data.repository.query.QueryCreationException: Could not create query for public abstract java.lang.Boolean com.app.StreamlineMusic.repository.UserRepository.existByUsername(java.lang.String); Reason: Failed to create query for method public abstract java.lang.Boolean com.app.StreamlineMusic.repository.UserRepository.existByUsername(java.lang.String)! No property 'existByUsername' found for type 'User'; nested exception is java.lang.IllegalArgumentException: Failed to create query for method public abstract java.lang.Boolean com.app.StreamlineMusic.repository.UserRepository.existByUsername(java.lang.String)! No property 'existByUsername' found for type 'User'
Caused by: org.springframework.beans.factory.UnsatisfiedDependencyException: Error creating bean with name 'customUserDetailsService' defined in file [W:\Projekty_JAVA\StreamlineMusic\target\classes\com\app\StreamlineMusic\security\CustomUserDetailsService.class]: Unsatisfied dependency expressed through constructor parameter 0; nested exception is org.springframework.beans.factory.BeanCreationException: Error creating bean with name 'userRepository' defined in com.app.StreamlineMusic.repository.UserRepository defined in @EnableJpaRepositories declared on JpaRepositoriesRegistrar.EnableJpaRepositoriesConfiguration: Invocation of init method failed; nested exception is org.springframework.data.repository.query.QueryCreationException: Could not create query for public abstract java.lang.Boolean com.app.StreamlineMusic.repository.UserRepository.existByUsername(java.lang.String); Reason: Failed to create query for method public abstract java.lang.Boolean com.app.StreamlineMusic.repository.UserRepository.existByUsername(java.lang.String)! No property 'existByUsername' found for type 'User'; nested exception is java.lang.IllegalArgumentException: Failed to create query for method public abstract java.lang.Boolean com.app.StreamlineMusic.repository.UserRepository.existByUsername(java.lang.String)! No property 'existByUsername' found for type 'User'
Caused by: org.springframework.beans.factory.BeanCreationException: Error creating bean with name 'userRepository' defined in com.app.StreamlineMusic.repository.UserRepository defined in @EnableJpaRepositories declared on JpaRepositoriesRegistrar.EnableJpaRepositoriesConfiguration: Invocation of init method failed; nested exception is org.springframework.data.repository.query.QueryCreationException: Could not create query for public abstract java.lang.Boolean com.app.StreamlineMusic.repository.UserRepository.existByUsername(java.lang.String); Reason: Failed to create query for method public abstract java.lang.Boolean com.app.StreamlineMusic.repository.UserRepository.existByUsername(java.lang.String)! No property 'existByUsername' found for type 'User'; nested exception is java.lang.IllegalArgumentException: Failed to create query for method public abstract java.lang.Boolean com.app.StreamlineMusic.repository.UserRepository.existByUsername(java.lang.String)! No property 'existByUsername' found for type 'User'
Caused by: org.springframework.data.repository.query.QueryCreationException: Could not create query for public abstract java.lang.Boolean com.app.StreamlineMusic.repository.UserRepository.existByUsername(java.lang.String); Reason: Failed to create query for method public abstract java.lang.Boolean com.app.StreamlineMusic.repository.UserRepository.existByUsername(java.lang.String)! No property 'existByUsername' found for type 'User'; nested exception is java.lang.IllegalArgumentException: Failed to create query for method public abstract java.lang.Boolean com.app.StreamlineMusic.repository.UserRepository.existByUsername(java.lang.String)! No property 'existByUsername' found for type 'User'
Caused by: java.lang.IllegalArgumentException: Failed to create query for method public abstract java.lang.Boolean com.app.StreamlineMusic.repository.UserRepository.existByUsername(java.lang.String)! No property 'existByUsername' found for type 'User'
Caused by: org.springframework.data.mapping.PropertyReferenceException: No property 'existByUsername' found for type 'User'

